#
# There is insufficient memory for the Java Runtime Environment to continue.
# Native memory allocation (malloc) failed to allocate 1048576 bytes for AllocateHeap
# Possible reasons:
#   The system is out of physical RAM or swap space
#   In 32 bit mode, the process size limit was hit
# Possible solutions:
#   Reduce memory load on the system
#   Increase physical memory or swap space
#   Check if swap backing store is full
#   Use 64 bit Java on a 64 bit OS
#   Decrease Java heap size (-Xmx/-Xms)
#   Decrease number of Java threads
#   Decrease Java thread stack sizes (-Xss)
#   Set larger code cache with -XX:ReservedCodeCacheSize=
# This output file may be truncated or incomplete.
#
#  Out of Memory Error (memory/allocation.inline.hpp:61), pid=2924, tid=4648
#
# JRE version:  (8.0_91-b15) (build )
# Java VM: Java HotSpot(TM) 64-Bit Server VM (25.91-b15 mixed mode windows-amd64 compressed oops)
# Failed to write core dump. Minidumps are not enabled by default on client versions of Windows
#

---------------  T H R E A D  ---------------

Current thread (0x0000000001db0000):  JavaThread "Unknown thread" [_thread_in_vm, id=4648, stack(0x0000000001fb0000,0x00000000020b0000)]

Stack: [0x0000000001fb0000,0x00000000020b0000]
[error occurred during error reporting (printing stack bounds), id 0xc0000005]

Native frames: (J=compiled Java code, j=interpreted, Vv=VM code, C=native code)


---------------  P R O C E S S  ---------------

Java Threads: ( => current thread )

Other Threads:

=>0x0000000001db0000 (exited) JavaThread "Unknown thread" [_thread_in_vm, id=4648, stack(0x0000000001fb0000,0x00000000020b0000)]

VM state:not at safepoint (normal execution)

VM Mutex/Monitor currently owned by a thread: None

Heap:
 PSYoungGen      total 305664K, used 5242K [0x00000000d5580000, 0x00000000eaa80000, 0x0000000100000000)
  eden space 262144K, 2% used [0x00000000d5580000,0x00000000d5a9eb90,0x00000000e5580000)
  from space 43520K, 0% used [0x00000000e8000000,0x00000000e8000000,0x00000000eaa80000)
  to   space 43520K, 0% used [0x00000000e5580000,0x00000000e5580000,0x00000000e8000000)
 ParOldGen       total 699392K, used 0K [0x0000000080000000, 0x00000000aab00000, 0x00000000d5580000)
  object space 699392K, 0% used [0x0000000080000000,0x0000000080000000,0x00000000aab00000)
 Metaspace       used 746K, capacity 4480K, committed 4480K, reserved 1056768K
  class space    used 75K, capacity 384K, committed 384K, reserved 1048576K

Card table byte_map: [0x0000000011740000,0x0000000011b50000] byte_map_base: 0x0000000011340000

Marking Bits: (ParMarkBitMap*) 0x0000000074372f70
 Begin Bits: [0x0000000012670000, 0x0000000014670000)
 End Bits:   [0x0000000014670000, 0x0000000016670000)

Polling page: 0x0000000000110000

CodeCache: size=245760Kb used=328Kb max_used=328Kb free=245431Kb
 bounds [0x0000000002380000, 0x00000000025f0000, 0x0000000011380000]
 total_blobs=58 nmethods=0 adapters=38
 compilation: enabled

Compilation events (0 events):
No events

GC Heap History (0 events):
No events

Deoptimization events (0 events):
No events

Internal exceptions (0 events):
No events

Events (10 events):
Event: 0.023 loading class java/lang/Short
Event: 0.024 loading class java/lang/Short done
Event: 0.024 loading class java/lang/Integer
Event: 0.024 loading class java/lang/Integer done
Event: 0.024 loading class java/lang/Long
Event: 0.024 loading class java/lang/Long done
Event: 0.024 loading class java/lang/NullPointerException
Event: 0.024 loading class java/lang/NullPointerException done
Event: 0.024 loading class java/lang/ArithmeticException
Event: 0.024 loading class java/lang/ArithmeticException done


Dynamic libraries:
0x000000013f410000 - 0x000000013f447000 	C:\Program Files\Java\jre1.8.0_91\bin\javaw.exe
0x0000000076e80000 - 0x000000007702a000 	C:\Windows\SYSTEM32\ntdll.dll
0x0000000076c60000 - 0x0000000076d7f000 	C:\Windows\system32\kernel32.dll
0x000007fefcd40000 - 0x000007fefcdaa000 	C:\Windows\system32\KERNELBASE.dll
0x000007fefdd00000 - 0x000007fefdddb000 	C:\Windows\system32\ADVAPI32.dll
0x000007fefd040000 - 0x000007fefd0df000 	C:\Windows\system32\msvcrt.dll
0x000007fefdc40000 - 0x000007fefdc5f000 	C:\Windows\SYSTEM32\sechost.dll
0x000007fefd510000 - 0x000007fefd63d000 	C:\Windows\system32\RPCRT4.dll
0x0000000076d80000 - 0x0000000076e7a000 	C:\Windows\system32\USER32.dll
0x000007fefd6c0000 - 0x000007fefd727000 	C:\Windows\system32\GDI32.dll
0x000007fefda10000 - 0x000007fefda1e000 	C:\Windows\system32\LPK.dll
0x000007fefcf70000 - 0x000007fefd03a000 	C:\Windows\system32\USP10.dll
0x000007fefb550000 - 0x000007fefb744000 	C:\Windows\WinSxS\amd64_microsoft.windows.common-controls_6595b64144ccf1df_6.0.7601.18837_none_fa3b1e3d17594757\COMCTL32.dll
0x000007fefe1f0000 - 0x000007fefe261000 	C:\Windows\system32\SHLWAPI.dll
0x000007fefde80000 - 0x000007fefdeae000 	C:\Windows\system32\IMM32.DLL
0x000007fefd3b0000 - 0x000007fefd4b9000 	C:\Windows\system32\MSCTF.dll
0x0000000074400000 - 0x00000000744d2000 	C:\Program Files\Java\jre1.8.0_91\bin\msvcr100.dll
0x0000000073b60000 - 0x00000000743f3000 	C:\Program Files\Java\jre1.8.0_91\bin\server\jvm.dll
0x000007fef5b60000 - 0x000007fef5b69000 	C:\Windows\system32\WSOCK32.dll
0x000007fefd4c0000 - 0x000007fefd50d000 	C:\Windows\system32\WS2_32.dll
0x000007fefda20000 - 0x000007fefda28000 	C:\Windows\system32\NSI.dll
0x000007fef5a70000 - 0x000007fef5aab000 	C:\Windows\system32\WINMM.dll
0x000007fefbe20000 - 0x000007fefbe2c000 	C:\Windows\system32\VERSION.dll
0x0000000077040000 - 0x0000000077047000 	C:\Windows\system32\PSAPI.DLL
0x0000000073b50000 - 0x0000000073b5f000 	C:\Program Files\Java\jre1.8.0_91\bin\verify.dll
0x0000000073b20000 - 0x0000000073b49000 	C:\Program Files\Java\jre1.8.0_91\bin\java.dll
0x0000000073b00000 - 0x0000000073b16000 	C:\Program Files\Java\jre1.8.0_91\bin\zip.dll

VM Arguments:
jvm_args: -Xms1024m -Xmx2048m -XX:MaxPermSize=256m -Dhttps.protocols=TLSv1,TLSv1.1,TLSv1.2 -Djava.library.path=libswt\win64 -DKETTLE_HOME=C:\Pentaho\Configuracao -DKETTLE_REPOSITORY=C:\Pentaho\Configuracao -DKETTLE_USER= -DKETTLE_PASSWORD= -DKETTLE_PLUGIN_PACKAGES= -DKETTLE_LOG_SIZE_LIMIT= -DKETTLE_JNDI_ROOT= 
java_command: launcher\pentaho-application-launcher-6.1.0.1-196.jar -lib ..\libswt\win64
java_class_path (initial): launcher\pentaho-application-launcher-6.1.0.1-196.jar
Launcher Type: SUN_STANDARD

Environment Variables:
JAVA_HOME=C:\Program Files\Java\jre1.8.0_91
PATH=C:\ProgramData\Oracle\Java\javapath;C:\Windows\system32;C:\Windows;C:\Windows\System32\Wbem;C:\Windows\System32\WindowsPowerShell\v1.0\;C:\xampp\php;C:\ProgramData\ComposerSetup\bin;C:\Program Files\nodejs\;C:\Program Files\Git\cmd;C:\Users\Dev\AppData\Roaming\Composer\vendor\bin;C:\Users\Dev\AppData\Roaming\npm
USERNAME=Dev
OS=Windows_NT
PROCESSOR_IDENTIFIER=Intel64 Family 6 Model 60 Stepping 3, GenuineIntel



---------------  S Y S T E M  ---------------

OS: Windows 7 , 64 bit Build 7601 (6.1.7601.23539)

CPU:total 6 (6 cores per cpu, 1 threads per core) family 6 model 60 stepping 3, cmov, cx8, fxsr, mmx, sse, sse2, sse3, ssse3, sse4.1, sse4.2, popcnt, avx, aes, clmul, lzcnt, tsc, tscinvbit

Memory: 4k page, physical 4193848k(788528k free), swap 5769972k(19868k free)

vm_info: Java HotSpot(TM) 64-Bit Server VM (25.91-b15) for windows-amd64 JRE (1.8.0_91-b15), built on May 20 2016 17:43:15 by "java_re" with MS VC++ 10.0 (VS2010)

time: Thu Oct 13 18:03:31 2016
elapsed time: 0 seconds (0d 0h 0m 0s)

