Save repository element : /Generico.Carga : Checked in
Save repository element : /Generico.CargaNomeArquivos : Checked in
Save repository element : /Generico.CargaTxtDelimitado : Checked in
Save repository element : /Generico.DeclaraVariavelNomeArquivo : Checked in
Save repository element : /Generico.FiltrarArquivosData : Checked in
Save repository element : /Generico.MetadadoCargaTxtDelimitado : Checked in
Save repository element : /Generico.NomeCarga : Checked in
Save repository element : /Helper.Aih_sp : Checked in
Save repository element : /Helper.DataMinima : Checked in
Save repository element : /Helper.FiltroDataArquivos : Checked in
Save repository element : /Import.AcidentesGraves : Checked in
Save repository element : /Import.AgendaLocalSiga : Checked in
Save repository element : /Import.AgendaRegularSigaBase : Checked in
Save repository element : /Import.AgendaRegularSigaCadastro : Checked in
Save repository element : /Import.AidsAdulto : Checked in
Save repository element : /Import.AidsInfantil : Checked in
Save repository element : /Import.AidsNet : Checked in
Save repository element : /Import.AidsWin : Checked in
Save repository element : /Import.Aih : Checked in
Save repository element : /Import.Aih_sp : Checked in
Save repository element : /Import.AntiRabico : Checked in
Save repository element : /Import.API : Checked in
Save repository element : /Import.AreasGeograficas : Checked in
Save repository element : /Import.AreasGeograficasTeste : Checked in
Save repository element : /Import.BaseGenerica : Checked in
Save repository element : /Import.CidAcidentesGraves : Checked in
Save repository element : /Import.CidCondicoesSensiveis : Checked in
Save repository element : /Import.Cmi : Checked in
Save repository element : /Import.Cmm : Checked in
Save repository element : /Import.CMMEncaminhadas : Checked in
Save repository element : /Import.CMMInvestigadas : Checked in
Save repository element : /Import.CNES : Checked in
Save repository element : /Import.CnesEquipe : Checked in
Save repository element : /Import.CnesEstabelecimento : Checked in
Save repository element : /Import.CnesLeito : Checked in
Save repository element : /Import.CNESPAD : Checked in
Save repository element : /Import.CnesProfissional : Checked in
Save repository element : /Import.CnesServico : Checked in
Save repository element : /Import.CondicoesSensiveis : Checked in
Save repository element : /Import.CondSensivel : Checked in
Save repository element : /Import.ConselheirosCapacitados : Checked in
Save repository element : /Import.ConselheirosExistentes : Checked in
Save repository element : /Import.Dengue : Checked in
Save repository element : /Import.DomiciliosAgua : Checked in
Save repository element : /Import.DomiciliosColetaLixo : Checked in
Save repository element : /Import.DomiciliosEsgoto : Checked in
Save repository element : /Import.DomiciliosFavela : Checked in
Save repository element : /Import.EscolaridadeResponsaveis : Checked in
Save repository element : /Import.Exantematicas : Checked in
Save repository element : /Import.Feridas : Checked in
Save repository element : /Import.Financas : Checked in
Save repository element : /Import.Glicemicos : Checked in
Save repository element : /Import.GradePartos : Checked in
Save repository element : /Import.GSSAntiInflamatorio : Checked in
Save repository element : /Import.GSSPsicotropico : Checked in
Save repository element : /Import.Hanseniase : Checked in
Save repository element : /Import.Hepatite : Checked in
Save repository element : /Import.Influenza : Checked in
Save repository element : /Import.InspecoesSanitarias : Checked in
Save repository element : /Import.Layout : Checked in
Save repository element : /Import.Leptospirose : Checked in
Save repository element : /Import.Mapas : Checked in
Save repository element : /Import.Meningite : Checked in
Save repository element : /Import.Populacao : Checked in
Save repository element : /Import.PopulacaoSUS : Checked in
Save repository element : /Import.PopulacaoVP : Checked in
Save repository element : /Import.PtosEstrategicos : Checked in
Save repository element : /Import.RemedioEmCasa : Checked in
Save repository element : /Import.RendaFamiliar : Checked in
Save repository element : /Import.ReservaTecnica : Checked in
Save repository element : /Import.RH : Checked in
Save repository element : /Import.RH_funcionarios_contratados : Checked in
Save repository element : /Import.RH_medicos_contratados : Checked in
Save repository element : /Import.RH_medicos_desligados : Checked in
Save repository element : /Import.RH_medicos_existentes : Checked in
Save repository element : /Import.Servicos : Checked in
Save repository element : /Import.Sia : Checked in
Save repository element : /Import.SiaApa : Checked in
Save repository element : /Import.SiabEquipe : Checked in
Save repository element : /Import.SiabFamilia : Checked in
Save repository element : /Import.SiaPA : Checked in
Save repository element : /Import.Sifilis : Checked in
Save repository element : /Import.SifilisGestante : Checked in
Save repository element : /Import.SifilisInfantil : Checked in
Save repository element : /Import.SigaAbsenteismo : Checked in
Save repository element : /Import.SigaAtendimento : Checked in
Save repository element : /Import.Sim : Checked in
Save repository element : /Import.Sinantropicos : Checked in
Save repository element : /Import.Sinasc : Checked in
Save repository element : /Import.SISCOLO : Checked in
Save repository element : /Import.SISMAMA : Checked in
Save repository element : /Import.SISPRE : Checked in
Save repository element : /Import.Sivat : Checked in
Save repository element : /Import.SIVVA : Checked in
Save repository element : /Import.SubPrefeituraPlanilha : Checked in
Save repository element : /Import.Superficie : Checked in
Save repository element : /Import.TempoMedioAgendamentoExames : Checked in
Save repository element : /Import.TempoMedioAgendamentoTotal : Checked in
Save repository element : /Import.Tuberculose : Checked in
Save repository element : /Import.UnidadesSMS : Checked in
Save repository element : /Import.Vigitel : Checked in
Save repository element : /Old.SiaApa : Checked in
Save repository element : /Old.Siab : Checked in
Save repository element : /Teste.FiltrarArquivosData : Checked in
Save repository element : /Teste.FiltrarArquivosData.ArquivoMultiplo : Checked in
Save repository element : /Teste.FiltrarArquivosData.ArquivoUnico : Checked in
Save repository element : /Teste_regexp : Checked in
Save repository element : /Generico.Carga : Checked in
Save repository element : /Generico.CargaArquivoDBC : Checked in
Save repository element : /Generico.CargaArquivoGenerico : Checked in
Save repository element : /Generico.ConversaoDbcDbf : Checked in
Save repository element : /Generico.FiltrarArquivosData : Checked in
Save repository element : /Import.AcidentesGraves : Checked in
Save repository element : /Import.AgendaLocalSiga : Checked in
Save repository element : /Import.AgendaRegularSiga : Checked in
Save repository element : /Import.AidsAdulto : Checked in
Save repository element : /Import.AidsInfantil : Checked in
Save repository element : /Import.AidsNet : Checked in
Save repository element : /Import.AidsWin : Checked in
Save repository element : /Import.Aih : Checked in
Save repository element : /Import.Aih_sp : Checked in
Save repository element : /Import.AntiRabico : Checked in
Save repository element : /Import.API : Checked in
Save repository element : /Import.AreasGeograficas : Checked in
Save repository element : /Import.AreasGeograficasTeste : Checked in
Save repository element : /Import.BaseGenerica : Checked in
Save repository element : /Import.BaseGenericaz\ : Checked in
Save repository element : /Import.CidAcidentesGraves : Checked in
Save repository element : /Import.Cmi : Checked in
Save repository element : /Import.Cmm : Checked in
Save repository element : /Import.CMMEncaminhadas : Checked in
Save repository element : /Import.CMMInvestigadas : Checked in
Save repository element : /Import.CNES : Checked in
Save repository element : /Import.CnesEquipe : Checked in
Save repository element : /Import.CnesEstabelecimento : Checked in
Save repository element : /Import.CnesLeito : Checked in
Save repository element : /Import.CnesProfissional : Checked in
Save repository element : /Import.CnesServico : Checked in
Save repository element : /Import.CondicoesSensiveis : Checked in
Save repository element : /Import.ConselheirosCapacitados : Checked in
Save repository element : /Import.ConselheirosExistentes : Checked in
Save repository element : /Import.Dengue : Checked in
Save repository element : /Import.DomiciliosAgua : Checked in
Save repository element : /Import.DomiciliosColetaLixo : Checked in
Save repository element : /Import.DomiciliosEsgoto : Checked in
Save repository element : /Import.DomiciliosFavela : Checked in
Save repository element : /Import.EscolaridadeResponsaveis : Checked in
Save repository element : /Import.Exantematicas : Checked in
Save repository element : /Import.Feridas : Checked in
Save repository element : /Import.Financas : Checked in
Save repository element : /Import.Glicemicos : Checked in
Save repository element : /Import.GradePartos : Checked in
Save repository element : /Import.GSSAntiInflamatorio : Checked in
Save repository element : /Import.GSSPsicotropico : Checked in
Save repository element : /Import.Hanseniase : Checked in
Save repository element : /Import.Hepatite : Checked in
Save repository element : /Import.Influenza : Checked in
Save repository element : /Import.InspecoesSanitarias : Checked in
Save repository element : /Import.Layout : Checked in
Save repository element : /Import.Leptospirose : Checked in
Save repository element : /Import.Meningite : Checked in
Save repository element : /Import.Populacao : Checked in
Save repository element : /Import.PopulacaoSUS : Checked in
Save repository element : /Import.PopulacaoVP : Checked in
Save repository element : /Import.PtosEstrategicos : Checked in
Save repository element : /Import.RemedioEmCasa : Checked in
Save repository element : /Import.RendaFamiliar : Checked in
Save repository element : /Import.ReservaTecnica : Checked in
Save repository element : /Import.RH : Checked in
Save repository element : /Import.RH_funcionarios_contratados : Checked in
Save repository element : /Import.RH_medicos_contratados : Checked in
Save repository element : /Import.RH_medicos_desligados : Checked in
Save repository element : /Import.RH_medicos_existentes : Checked in
Save repository element : /Import.Servicos : Checked in
Save repository element : /Import.Sia : Checked in
Save repository element : /Import.SiaApa : Checked in
Save repository element : /Import.SiabEquipe : Checked in
Save repository element : /Import.SiabFamilia : Checked in
Save repository element : /Import.SiaPA : Checked in
Save repository element : /Import.Sifilis : Checked in
Save repository element : /Import.SifilisGestante : Checked in
Save repository element : /Import.SifilisInfantil : Checked in
Save repository element : /Import.SigaAbsenteismo : Checked in
Save repository element : /Import.SigaAtendimento : Checked in
Save repository element : /Import.Sim : Checked in
Save repository element : /Import.Sinantropicos : Checked in
Save repository element : /Import.Sinasc : Checked in
Save repository element : /Import.SISCOLO : Checked in
Save repository element : /Import.SISMAMA : Checked in
Save repository element : /Import.SISPRE : Checked in
Save repository element : /Import.Sivat : Checked in
Save repository element : /Import.SIVVA : Checked in
Save repository element : /Import.SubPrefeituraPlanilha : Checked in
Save repository element : /Import.TempoMedioAgendamento : Checked in
Save repository element : /Import.Tuberculose : Checked in
Save repository element : /Import.UnidadesSMS : Checked in
Save repository element : /Import.Vigitel : Checked in
Save repository element : /Old.SiaApa : Checked in
Save repository element : /Old.Siab : Checked in
Save repository element : /Teste.FiltrarArquivosData : Checked in
